Flow report for 5_Detect
Sat Jul 22 20:11:45 2023
Quartus II Version 9.1 Build 350 03/24/2010 Service Pack 2 SJ Web Edition


---------------------
; Table of Contents ;
---------------------
  1. Legal Notice
  2. Flow Summary
  3. Flow Settings
  4. Flow Non-Default Global Settings
  5. Flow Elapsed Time
  6. Flow OS Summary
  7. Flow Log



----------------
; Legal Notice ;
----------------
Copyright (C) 1991-2010 Altera Corporation
Your use of Altera Corporation's design tools, logic functions 
and other software and tools, and its AMPP partner logic 
functions, and any output files from any of the foregoing 
(including device programming or simulation files), and any 
associated documentation or information are expressly subject 
to the terms and conditions of the Altera Program License 
Subscription Agreement, Altera MegaCore Function License 
Agreement, or other applicable license agreement, including, 
without limitation, that your use is for the sole purpose of 
programming logic devices manufactured by Altera and sold by 
Altera or its authorized distributors.  Please refer to the 
applicable agreement for further details.



+-----------------------------------------------------------------------------------+
; Flow Summary                                                                      ;
+------------------------------------+----------------------------------------------+
; Flow Status                        ; Successful - Sat Jul 22 20:11:45 2023        ;
; Quartus II Version                 ; 9.1 Build 350 03/24/2010 SP 2 SJ Web Edition ;
; Revision Name                      ; 5_Detect                                     ;
; Top-level Entity Name              ; top_module                                   ;
; Family                             ; Cyclone II                                   ;
; Device                             ; EP2C70F896C6                                 ;
; Timing Models                      ; Final                                        ;
; Met timing requirements            ; Yes                                          ;
; Total logic elements               ; 189 / 68,416 ( < 1 % )                       ;
;     Total combinational functions  ; 189 / 68,416 ( < 1 % )                       ;
;     Dedicated logic registers      ; 11 / 68,416 ( < 1 % )                        ;
; Total registers                    ; 11                                           ;
; Total pins                         ; 24 / 622 ( 4 % )                             ;
; Total virtual pins                 ; 0                                            ;
; Total memory bits                  ; 0 / 1,152,000 ( 0 % )                        ;
; Embedded Multiplier 9-bit elements ; 0 / 300 ( 0 % )                              ;
; Total PLLs                         ; 0 / 4 ( 0 % )                                ;
+------------------------------------+----------------------------------------------+


+-----------------------------------------+
; Flow Settings                           ;
+-------------------+---------------------+
; Option            ; Setting             ;
+-------------------+---------------------+
; Start date & time ; 07/22/2023 20:11:23 ;
; Main task         ; Compilation         ;
; Revision Name     ; 5_Detect            ;
+-------------------+---------------------+


+-----------------------------------------------------------------------------------------------------------------------+
; Flow Non-Default Global Settings                                                                                      ;
+--------------------------------------+---------------------------------+---------------+-------------+----------------+
; Assignment Name                      ; Value                           ; Default Value ; Entity Name ; Section Id     ;
+--------------------------------------+---------------------------------+---------------+-------------+----------------+
; COMPILER_SIGNATURE_ID                ; 168202120517757.169003148309580 ; --            ; --          ; --             ;
; EDA_NATIVELINK_SIMULATION_TEST_BENCH ; testbench                       ; --            ; --          ; eda_simulation ;
; EDA_OUTPUT_DATA_FORMAT               ; Verilog Hdl                     ; --            ; --          ; eda_simulation ;
; EDA_SIMULATION_TOOL                  ; ModelSim (Verilog)              ; <None>        ; --          ; --             ;
; EDA_TEST_BENCH_ENABLE_STATUS         ; TEST_BENCH_MODE                 ; --            ; --          ; eda_simulation ;
; EDA_TIME_SCALE                       ; 1 ps                            ; --            ; --          ; eda_simulation ;
; MAX_CORE_JUNCTION_TEMP               ; 85                              ; --            ; --          ; --             ;
; MIN_CORE_JUNCTION_TEMP               ; 0                               ; --            ; --          ; --             ;
; PARTITION_COLOR                      ; 16764057                        ; --            ; top_module  ; Top            ;
; PARTITION_NETLIST_TYPE               ; SOURCE                          ; --            ; top_module  ; Top            ;
; TOP_LEVEL_ENTITY                     ; top_module                      ; 5_Detect      ; --          ; --             ;
; USE_GENERATED_PHYSICAL_CONSTRAINTS   ; Off                             ; --            ; --          ; eda_blast_fpga ;
+--------------------------------------+---------------------------------+---------------+-------------+----------------+


+-----------------------------------------------------------------------------------------------------------------------------+
; Flow Elapsed Time                                                                                                           ;
+-------------------------+--------------+-------------------------+---------------------+------------------------------------+
; Module Name             ; Elapsed Time ; Average Processors Used ; Peak Virtual Memory ; Total CPU Time (on all processors) ;
+-------------------------+--------------+-------------------------+---------------------+------------------------------------+
; Analysis & Synthesis    ; 00:00:03     ; 1.0                     ; 241 MB              ; 00:00:03                           ;
; Fitter                  ; 00:00:09     ; 1.0                     ; 392 MB              ; 00:00:10                           ;
; Assembler               ; 00:00:04     ; 1.0                     ; 357 MB              ; 00:00:04                           ;
; Classic Timing Analyzer ; 00:00:01     ; 1.0                     ; 191 MB              ; 00:00:04                           ;
; EDA Netlist Writer      ; 00:00:02     ; 1.0                     ; 202 MB              ; 00:00:03                           ;
; Total                   ; 00:00:19     ; --                      ; --                  ; 00:00:24                           ;
+-------------------------+--------------+-------------------------+---------------------+------------------------------------+


+------------------------------------------------------------------------------------------+
; Flow OS Summary                                                                          ;
+-------------------------+------------------+---------------+------------+----------------+
; Module Name             ; Machine Hostname ; OS Name       ; OS Version ; Processor type ;
+-------------------------+------------------+---------------+------------+----------------+
; Analysis & Synthesis    ; DESKTOP-K3QEN5E  ; Windows Vista ; 6.2        ; x86_64         ;
; Fitter                  ; DESKTOP-K3QEN5E  ; Windows Vista ; 6.2        ; x86_64         ;
; Assembler               ; DESKTOP-K3QEN5E  ; Windows Vista ; 6.2        ; x86_64         ;
; Classic Timing Analyzer ; DESKTOP-K3QEN5E  ; Windows Vista ; 6.2        ; x86_64         ;
; EDA Netlist Writer      ; DESKTOP-K3QEN5E  ; Windows Vista ; 6.2        ; x86_64         ;
+-------------------------+------------------+---------------+------------+----------------+


------------
; Flow Log ;
------------
quartus_map --read_settings_files=on --write_settings_files=off 5_Detect -c 5_Detect
quartus_fit --read_settings_files=off --write_settings_files=off 5_Detect -c 5_Detect
quartus_asm --read_settings_files=off --write_settings_files=off 5_Detect -c 5_Detect
quartus_tan --read_settings_files=off --write_settings_files=off 5_Detect -c 5_Detect --timing_analysis_only
quartus_eda --read_settings_files=off --write_settings_files=off 5_Detect -c 5_Detect



